<?xml version="1.0" encoding="UTF-8"?>
<!-- Generated by org.testng.reporters.JUnitReportReporter -->
<testsuite hostname="LAPTOP-BKCB67H0" failures="0" tests="5" name="MyRunner.TestRunner" time="0.070" errors="0" timestamp="07 May 2022 03:29:49 GMT" skipped="0">
  <testcase classname="MyRunner.TestRunner" name="feature" time="0.003"/>
  <testcase classname="MyRunner.TestRunner" name="feature" time="0.005"/>
  <testcase classname="MyRunner.TestRunner" name="feature" time="0.056"/>
  <testcase classname="MyRunner.TestRunner" name="feature" time="0.003"/>
  <testcase classname="MyRunner.TestRunner" name="feature" time="0.003"/>
</testsuite> <!-- MyRunner.TestRunner -->
